<?xml version="1.0" encoding="UTF-8"?>
<testsuite name="agh.ics.oop.OptionsParserTest" tests="1" skipped="0" failures="0" errors="0" timestamp="2021-10-25T17:27:38" hostname="DESKTOP-ODIJNVT" time="0.02">
  <properties/>
  <testcase name="testParse()" classname="agh.ics.oop.OptionsParserTest" time="0.02"/>
  <system-out><![CDATA[]]></system-out>
  <system-err><![CDATA[]]></system-err>
</testsuite>
