<?xml version="1.0" encoding="UTF-8"?>
<testsuite name="agh.ics.oop.AnimalTest" tests="1" skipped="0" failures="0" errors="0" timestamp="2021-12-01T19:47:31" hostname="DESKTOP-ODIJNVT" time="0.031">
  <properties/>
  <testcase name="testMove()" classname="agh.ics.oop.AnimalTest" time="0.031"/>
  <system-out><![CDATA[]]></system-out>
  <system-err><![CDATA[]]></system-err>
</testsuite>
