<?xml version="1.0" encoding="UTF-8"?>
<testsuite name="agh.ics.oop.GrassFieldTest" tests="1" skipped="0" failures="0" errors="0" timestamp="2021-11-19T21:52:45" hostname="DESKTOP-ODIJNVT" time="0.022">
  <properties/>
  <testcase name="test()" classname="agh.ics.oop.GrassFieldTest" time="0.022"/>
  <system-out><![CDATA[]]></system-out>
  <system-err><![CDATA[]]></system-err>
</testsuite>
