<?xml version="1.0" encoding="UTF-8"?>
<testsuite name="agh.ics.oop.SimulationEngineTest" tests="6" skipped="0" failures="0" errors="0" timestamp="2021-11-14T21:09:37" hostname="DESKTOP-ODIJNVT" time="0.042">
  <properties/>
  <testcase name="testRun()" classname="agh.ics.oop.SimulationEngineTest" time="0.024"/>
  <testcase name="testRun2()" classname="agh.ics.oop.SimulationEngineTest" time="0.004"/>
  <testcase name="testRun3()" classname="agh.ics.oop.SimulationEngineTest" time="0.003"/>
  <testcase name="testRun4()" classname="agh.ics.oop.SimulationEngineTest" time="0.002"/>
  <testcase name="testRun5()" classname="agh.ics.oop.SimulationEngineTest" time="0.002"/>
  <testcase name="testRun6()" classname="agh.ics.oop.SimulationEngineTest" time="0.002"/>
  <system-out><![CDATA[]]></system-out>
  <system-err><![CDATA[]]></system-err>
</testsuite>
