<?xml version="1.0" encoding="UTF-8"?>
<testsuite name="agh.ics.oop.SimulationEngineTest" tests="7" skipped="0" failures="0" errors="0" timestamp="2021-12-01T21:29:43" hostname="DESKTOP-ODIJNVT" time="0.055">
  <properties/>
  <testcase name="testRun()" classname="agh.ics.oop.SimulationEngineTest" time="0.029"/>
  <testcase name="testRun2()" classname="agh.ics.oop.SimulationEngineTest" time="0.002"/>
  <testcase name="testRun3()" classname="agh.ics.oop.SimulationEngineTest" time="0.003"/>
  <testcase name="testRun4()" classname="agh.ics.oop.SimulationEngineTest" time="0.003"/>
  <testcase name="testRun5()" classname="agh.ics.oop.SimulationEngineTest" time="0.003"/>
  <testcase name="testRun6()" classname="agh.ics.oop.SimulationEngineTest" time="0.003"/>
  <testcase name="testRun7()" classname="agh.ics.oop.SimulationEngineTest" time="0.009"/>
  <system-out><![CDATA[Position: (2,0) is taken.
]]></system-out>
  <system-err><![CDATA[]]></system-err>
</testsuite>
